<?xml version="1.0" encoding="UTF-8"?>
<testng-results skipped="0" failed="0" ignored="0" total="1" passed="1">
  <reporter-output>
  </reporter-output>
  <suite name="BDDTestSuite" duration-ms="19309" started-at="2019-07-19T08:46:22Z" finished-at="2019-07-19T08:46:41Z">
    <groups>
      <group name="cucumber">
        <method signature="TestRunner.feature(cucumber.api.testng.CucumberFeatureWrapper)[pri:0, instance:com.qa.runner.TestRunner@12108b5]" name="feature" class="com.qa.runner.TestRunner"/>
      </group> <!-- cucumber -->
    </groups>
    <test name="FreeCRMTest" duration-ms="19309" started-at="2019-07-19T08:46:22Z" finished-at="2019-07-19T08:46:41Z">
      <class name="com.qa.runner.TestRunner">
        <test-method status="PASS" signature="setUpClass()[pri:0, instance:com.qa.runner.TestRunner@12108b5]" name="setUpClass" is-config="true" duration-ms="267" started-at="2019-07-19T08:46:22Z" finished-at="2019-07-19T08:46:22Z">
          <reporter-output>
          </reporter-output>
        </test-method> <!-- setUpClass -->
        <test-method status="PASS" signature="feature(cucumber.api.testng.CucumberFeatureWrapper)[pri:0, instance:com.qa.runner.TestRunner@12108b5]" name="feature" duration-ms="18873" started-at="2019-07-19T08:46:22Z" description="Runs cucumber feature" data-provider="features" finished-at="2019-07-19T08:46:41Z">
          <params>
            <param index="0">
              <value>
                <![CDATA[Free CRM login feature]]>
              </value>
            </param>
          </params>
          <reporter-output>
          </reporter-output>
        </test-method> <!-- feature -->
        <test-method status="PASS" signature="tearDownClass()[pri:0, instance:com.qa.runner.TestRunner@12108b5]" name="tearDownClass" is-config="true" duration-ms="75" started-at="2019-07-19T08:46:41Z" finished-at="2019-07-19T08:46:41Z">
          <reporter-output>
          </reporter-output>
        </test-method> <!-- tearDownClass -->
      </class> <!-- com.qa.runner.TestRunner -->
    </test> <!-- FreeCRMTest -->
  </suite> <!-- BDDTestSuite -->
</testng-results>
